Content Types                                                                
-----------------------------------------------------------------------------
application/vnd.openxmlformats-officedocument.custom-properties+xml          
application/vnd.openxmlformats-officedocument.extended-properties+xml        
application/vnd.openxmlformats-officedocument.spreadsheetml.sharedStrings+xml
application/vnd.openxmlformats-officedocument.spreadsheetml.sheet.main+xml   
application/vnd.openxmlformats-officedocument.spreadsheetml.styles+xml       
application/vnd.openxmlformats-officedocument.spreadsheetml.worksheet+xml    
application/vnd.openxmlformats-officedocument.theme+xml                      
application/vnd.openxmlformats-package.core-properties+xml                   
application/vnd.openxmlformats-package.relationships+xml                     
application/xml                                                              
-----------------------------------------------------------------------------

Extension|Type                                                    
---------|--------------------------------------------------------
rels     |application/vnd.openxmlformats-package.relationships+xml
xml      |application/xml                                         
---------|--------------------------------------------------------

Relation Types                                                                         
---------------------------------------------------------------------------------------
http://schemas.openxmlformats.org/officeDocument/2006/relationships/custom-properties  
http://schemas.openxmlformats.org/officeDocument/2006/relationships/extended-properties
http://schemas.openxmlformats.org/officeDocument/2006/relationships/officeDocument     
http://schemas.openxmlformats.org/officeDocument/2006/relationships/sharedStrings      
http://schemas.openxmlformats.org/officeDocument/2006/relationships/styles             
http://schemas.openxmlformats.org/officeDocument/2006/relationships/theme              
http://schemas.openxmlformats.org/officeDocument/2006/relationships/worksheet          
http://schemas.openxmlformats.org/package/2006/relationships/metadata/core-properties  
---------------------------------------------------------------------------------------

External Relations
------------------
------------------

Part                    |Type                                                                         
------------------------|-----------------------------------------------------------------------------
docProps/app.xml        |application/vnd.openxmlformats-officedocument.extended-properties+xml        
docProps/core.xml       |application/vnd.openxmlformats-package.core-properties+xml                   
docProps/custom.xml     |application/vnd.openxmlformats-officedocument.custom-properties+xml          
xl/sharedStrings.xml    |application/vnd.openxmlformats-officedocument.spreadsheetml.sharedStrings+xml
xl/styles.xml           |application/vnd.openxmlformats-officedocument.spreadsheetml.styles+xml       
xl/theme/theme1.xml     |application/vnd.openxmlformats-officedocument.theme+xml                      
xl/workbook.xml         |application/vnd.openxmlformats-officedocument.spreadsheetml.sheet.main+xml   
xl/worksheets/sheet1.xml|application/vnd.openxmlformats-officedocument.spreadsheetml.worksheet+xml    
------------------------|-----------------------------------------------------------------------------

Source         |Id  |Destination             |Type                                                                                   
---------------|----|------------------------|---------------------------------------------------------------------------------------
[root]         |rId1|xl/workbook.xml         |http://schemas.openxmlformats.org/officeDocument/2006/relationships/officeDocument     
[root]         |rId2|docProps/app.xml        |http://schemas.openxmlformats.org/officeDocument/2006/relationships/extended-properties
[root]         |rId3|docProps/core.xml       |http://schemas.openxmlformats.org/package/2006/relationships/metadata/core-properties  
[root]         |rId4|docProps/custom.xml     |http://schemas.openxmlformats.org/officeDocument/2006/relationships/custom-properties  
xl/workbook.xml|rId1|xl/worksheets/sheet1.xml|http://schemas.openxmlformats.org/officeDocument/2006/relationships/worksheet          
xl/workbook.xml|rId2|xl/theme/theme1.xml     |http://schemas.openxmlformats.org/officeDocument/2006/relationships/theme              
xl/workbook.xml|rId3|xl/styles.xml           |http://schemas.openxmlformats.org/officeDocument/2006/relationships/styles             
xl/workbook.xml|rId4|xl/sharedStrings.xml    |http://schemas.openxmlformats.org/officeDocument/2006/relationships/sharedStrings      
---------------|----|------------------------|---------------------------------------------------------------------------------------
