Content Types                                                                
-----------------------------------------------------------------------------
application/vnd.openxmlformats-officedocument.extended-properties+xml        
application/vnd.openxmlformats-officedocument.spreadsheetml.calcChain+xml    
application/vnd.openxmlformats-officedocument.spreadsheetml.comments+xml     
application/vnd.openxmlformats-officedocument.spreadsheetml.printerSettings  
application/vnd.openxmlformats-officedocument.spreadsheetml.sharedStrings+xml
application/vnd.openxmlformats-officedocument.spreadsheetml.sheet.main+xml   
application/vnd.openxmlformats-officedocument.spreadsheetml.styles+xml       
application/vnd.openxmlformats-officedocument.spreadsheetml.worksheet+xml    
application/vnd.openxmlformats-officedocument.theme+xml                      
application/vnd.openxmlformats-officedocument.vmlDrawing                     
application/vnd.openxmlformats-package.core-properties+xml                   
application/vnd.openxmlformats-package.relationships+xml                     
application/xml                                                              
-----------------------------------------------------------------------------

Extension|Type                                                                       
---------|---------------------------------------------------------------------------
bin      |application/vnd.openxmlformats-officedocument.spreadsheetml.printerSettings
rels     |application/vnd.openxmlformats-package.relationships+xml                   
vml      |application/vnd.openxmlformats-officedocument.vmlDrawing                   
xml      |application/xml                                                            
---------|---------------------------------------------------------------------------

Relation Types                                                                         
---------------------------------------------------------------------------------------
http://schemas.openxmlformats.org/officeDocument/2006/relationships/calcChain          
http://schemas.openxmlformats.org/officeDocument/2006/relationships/comments           
http://schemas.openxmlformats.org/officeDocument/2006/relationships/extended-properties
http://schemas.openxmlformats.org/officeDocument/2006/relationships/officeDocument     
http://schemas.openxmlformats.org/officeDocument/2006/relationships/printerSettings    
http://schemas.openxmlformats.org/officeDocument/2006/relationships/sharedStrings      
http://schemas.openxmlformats.org/officeDocument/2006/relationships/styles             
http://schemas.openxmlformats.org/officeDocument/2006/relationships/theme              
http://schemas.openxmlformats.org/officeDocument/2006/relationships/vmlDrawing         
http://schemas.openxmlformats.org/officeDocument/2006/relationships/worksheet          
http://schemas.openxmlformats.org/package/2006/relationships/metadata/core-properties  
---------------------------------------------------------------------------------------

External Relations
------------------
------------------

Part                                   |Type                                                                         
---------------------------------------|-----------------------------------------------------------------------------
docProps/app.xml                       |application/vnd.openxmlformats-officedocument.extended-properties+xml        
docProps/core.xml                      |application/vnd.openxmlformats-package.core-properties+xml                   
xl/calcChain.xml                       |application/vnd.openxmlformats-officedocument.spreadsheetml.calcChain+xml    
xl/comments1.xml                       |application/vnd.openxmlformats-officedocument.spreadsheetml.comments+xml     
xl/drawings/vmlDrawing1.vml            |application/vnd.openxmlformats-officedocument.vmlDrawing                     
xl/printerSettings/printerSettings1.bin|application/vnd.openxmlformats-officedocument.spreadsheetml.printerSettings  
xl/sharedStrings.xml                   |application/vnd.openxmlformats-officedocument.spreadsheetml.sharedStrings+xml
xl/styles.xml                          |application/vnd.openxmlformats-officedocument.spreadsheetml.styles+xml       
xl/theme/theme1.xml                    |application/vnd.openxmlformats-officedocument.theme+xml                      
xl/workbook.xml                        |application/vnd.openxmlformats-officedocument.spreadsheetml.sheet.main+xml   
xl/worksheets/sheet1.xml               |application/vnd.openxmlformats-officedocument.spreadsheetml.worksheet+xml    
xl/worksheets/sheet2.xml               |application/vnd.openxmlformats-officedocument.spreadsheetml.worksheet+xml    
xl/worksheets/sheet3.xml               |application/vnd.openxmlformats-officedocument.spreadsheetml.worksheet+xml    
xl/worksheets/sheet4.xml               |application/vnd.openxmlformats-officedocument.spreadsheetml.worksheet+xml    
xl/worksheets/sheet5.xml               |application/vnd.openxmlformats-officedocument.spreadsheetml.worksheet+xml    
xl/worksheets/sheet6.xml               |application/vnd.openxmlformats-officedocument.spreadsheetml.worksheet+xml    
---------------------------------------|-----------------------------------------------------------------------------

Source                  |Id   |Destination                            |Type                                                                                   
------------------------|-----|---------------------------------------|---------------------------------------------------------------------------------------
[root]                  |rId1 |xl/workbook.xml                        |http://schemas.openxmlformats.org/officeDocument/2006/relationships/officeDocument     
[root]                  |rId2 |docProps/core.xml                      |http://schemas.openxmlformats.org/package/2006/relationships/metadata/core-properties  
[root]                  |rId3 |docProps/app.xml                       |http://schemas.openxmlformats.org/officeDocument/2006/relationships/extended-properties
xl/workbook.xml         |rId1 |xl/worksheets/sheet1.xml               |http://schemas.openxmlformats.org/officeDocument/2006/relationships/worksheet          
xl/workbook.xml         |rId2 |xl/worksheets/sheet2.xml               |http://schemas.openxmlformats.org/officeDocument/2006/relationships/worksheet          
xl/workbook.xml         |rId3 |xl/worksheets/sheet3.xml               |http://schemas.openxmlformats.org/officeDocument/2006/relationships/worksheet          
xl/workbook.xml         |rId4 |xl/worksheets/sheet4.xml               |http://schemas.openxmlformats.org/officeDocument/2006/relationships/worksheet          
xl/workbook.xml         |rId5 |xl/worksheets/sheet5.xml               |http://schemas.openxmlformats.org/officeDocument/2006/relationships/worksheet          
xl/workbook.xml         |rId6 |xl/worksheets/sheet6.xml               |http://schemas.openxmlformats.org/officeDocument/2006/relationships/worksheet          
xl/workbook.xml         |rId7 |xl/theme/theme1.xml                    |http://schemas.openxmlformats.org/officeDocument/2006/relationships/theme              
xl/workbook.xml         |rId8 |xl/styles.xml                          |http://schemas.openxmlformats.org/officeDocument/2006/relationships/styles             
xl/workbook.xml         |rId9 |xl/sharedStrings.xml                   |http://schemas.openxmlformats.org/officeDocument/2006/relationships/sharedStrings      
xl/workbook.xml         |rId10|xl/calcChain.xml                       |http://schemas.openxmlformats.org/officeDocument/2006/relationships/calcChain          
xl/worksheets/sheet1.xml|rId1 |xl/printerSettings/printerSettings1.bin|http://schemas.openxmlformats.org/officeDocument/2006/relationships/printerSettings    
xl/worksheets/sheet5.xml|rId1 |xl/drawings/vmlDrawing1.vml            |http://schemas.openxmlformats.org/officeDocument/2006/relationships/vmlDrawing         
xl/worksheets/sheet5.xml|rId2 |xl/comments1.xml                       |http://schemas.openxmlformats.org/officeDocument/2006/relationships/comments           
------------------------|-----|---------------------------------------|---------------------------------------------------------------------------------------
